info: socket.io started
DB client created
Express server listening on port 8080
bets loaded

/home/ubuntu/youbet/node/db_load.js:67
		    BETS.get(row.bet_name).offerOrders.push(order);
		                          ^
TypeError: Cannot read property 'offerOrders' of undefined
    at null.callback (/home/ubuntu/youbet/node/db_load.js:67:29)
    at Query.handleReadyForQuery (/home/ubuntu/youbet/node_modules/pg/lib/query.js:84:10)
    at null.<anonymous> (/home/ubuntu/youbet/node_modules/pg/lib/client.js:165:19)
    at EventEmitter.emit (events.js:117:20)
    at null.<anonymous> (/home/ubuntu/youbet/node_modules/pg/lib/connection.js:97:12)
    at Socket.EventEmitter.emit (events.js:95:17)
    at Socket.<anonymous> (_stream_readable.js:736:14)
    at Socket.EventEmitter.emit (events.js:92:17)
    at emitReadable_ (_stream_readable.js:408:10)
    at emitReadable (_stream_readable.js:404:5)
info: socket.io started
DB client created
Express server listening on port 8080
bets loaded

/home/ubuntu/youbet/node/db_load.js:67
		    BETS.get(row.bet_name).offerOrders.push(order);
		                          ^
TypeError: Cannot read property 'offerOrders' of undefined
    at null.callback (/home/ubuntu/youbet/node/db_load.js:67:29)
    at Query.handleReadyForQuery (/home/ubuntu/youbet/node_modules/pg/lib/query.js:84:10)
    at null.<anonymous> (/home/ubuntu/youbet/node_modules/pg/lib/client.js:165:19)
    at EventEmitter.emit (events.js:117:20)
    at null.<anonymous> (/home/ubuntu/youbet/node_modules/pg/lib/connection.js:97:12)
    at Socket.EventEmitter.emit (events.js:95:17)
    at Socket.<anonymous> (_stream_readable.js:736:14)
    at Socket.EventEmitter.emit (events.js:92:17)
    at emitReadable_ (_stream_readable.js:408:10)
    at emitReadable (_stream_readable.js:404:5)
